# JRE version: OpenJDK Runtime Environment Temurin-21.0.8+9 (21.0.8+9) (build 21.0.8+9-LTS)
# Java VM: OpenJDK 64-Bit Server VM Temurin-21.0.8+9 (21.0.8+9-LTS, mixed mode, sharing, tiered, compressed oops, compressed class ptrs, parallel gc, windows-amd64)
GC Precious Log:
 CardTable entry size: 512
 CPUs: 8 total, 8 available
 Memory: 16183M
 Large Page Support: Disabled
 NUMA Support: Disabled
 Compressed Oops: Enabled (32-bit)
 Alignments: Space 512K, Generation 512K, Heap 2M
 Heap Min Capacity: 100M
 Heap Initial Capacity: 100M
 Heap Max Capacity: 2G
 Pre-touch: Disabled
 Parallel Workers: 8
Heap:
 PSYoungGen      total 6144K, used 3406K [0x00000000d5580000, 0x00000000d5e80000, 0x0000000100000000)
  eden space 3584K, 37% used [0x00000000d5580000,0x00000000d56d06d8,0x00000000d5900000)
  from space 2560K, 80% used [0x00000000d5c00000,0x00000000d5e03228,0x00000000d5e80000)
  to   space 2560K, 0% used [0x00000000d5980000,0x00000000d5980000,0x00000000d5c00000)
 ParOldGen       total 425984K, used 425982K [0x0000000080000000, 0x000000009a000000, 0x00000000d5580000)
  object space 425984K, 99% used [0x0000000080000000,0x0000000099fffb98,0x000000009a000000)
 Metaspace       used 79494K, committed 81088K, reserved 1179648K
  class space    used 8829K, committed 9536K, reserved 1048576K
GC Heap History (20 events):
Event: 63.880 GC heap before
{Heap before GC invocations=1535 (full 4):
 PSYoungGen      total 4096K, used 3904K [0x00000000d5580000, 0x00000000d5a00000, 0x0000000100000000)
  eden space 3584K, 100% used [0x00000000d5580000,0x00000000d5900000,0x00000000d5900000)
  from space 512K, 62% used [0x00000000d5980000,0x00000000d59d0000,0x00000000d5a00000)
  to   space 512K, 0% used [0x00000000d5900000,0x00000000d5900000,0x00000000d5980000)
 ParOldGen       total 423424K, used 422971K [0x0000000080000000, 0x0000000099d80000, 0x00000000d5580000)
  object space 423424K, 99% used [0x0000000080000000,0x0000000099d0ede8,0x0000000099d80000)
 Metaspace       used 78854K, committed 80448K, reserved 1179648K
  class space    used 8754K, committed 9472K, reserved 1048576K
}
Event: 63.882 GC heap after
{Heap after GC invocations=1535 (full 4):
 PSYoungGen      total 4096K, used 192K [0x00000000d5580000, 0x00000000d5a00000, 0x0000000100000000)
  eden space 3584K, 0% used [0x00000000d5580000,0x00000000d5580000,0x00000000d5900000)
  from space 512K, 37% used [0x00000000d5900000,0x00000000d5930000,0x00000000d5980000)
  to   space 512K, 0% used [0x00000000d5980000,0x00000000d5980000,0x00000000d5a00000)
 ParOldGen       total 423424K, used 423163K [0x0000000080000000, 0x0000000099d80000, 0x00000000d5580000)
  object space 423424K, 99% used [0x0000000080000000,0x0000000099d3ede8,0x0000000099d80000)
 Metaspace       used 78854K, committed 80448K, reserved 1179648K
  class space    used 8754K, committed 9472K, reserved 1048576K
}
Event: 64.154 GC heap before
{Heap before GC invocations=1536 (full 4):
 PSYoungGen      total 4096K, used 3776K [0x00000000d5580000, 0x00000000d5a00000, 0x0000000100000000)
  eden space 3584K, 100% used [0x00000000d5580000,0x00000000d5900000,0x00000000d5900000)
  from space 512K, 37% used [0x00000000d5900000,0x00000000d5930000,0x00000000d5980000)
  to   space 512K, 0% used [0x00000000d5980000,0x00000000d5980000,0x00000000d5a00000)
 ParOldGen       total 423424K, used 423163K [0x0000000080000000, 0x0000000099d80000, 0x00000000d5580000)
  object space 423424K, 99% used [0x0000000080000000,0x0000000099d3ede8,0x0000000099d80000)
 Metaspace       used 78854K, committed 80448K, reserved 1179648K
  class space    used 8754K, committed 9472K, reserved 1048576K
}
Event: 64.158 GC heap after
{Heap after GC invocations=1536 (full 4):
 PSYoungGen      total 4096K, used 160K [0x00000000d5580000, 0x00000000d5a00000, 0x0000000100000000)
  eden space 3584K, 0% used [0x00000000d5580000,0x00000000d5580000,0x00000000d5900000)
  from space 512K, 31% used [0x00000000d5980000,0x00000000d59a8000,0x00000000d5a00000)
  to   space 512K, 0% used [0x00000000d5900000,0x00000000d5900000,0x00000000d5980000)
 ParOldGen       total 423424K, used 423195K [0x0000000080000000, 0x0000000099d80000, 0x00000000d5580000)
  object space 423424K, 99% used [0x0000000080000000,0x0000000099d46de8,0x0000000099d80000)
 Metaspace       used 78854K, committed 80448K, reserved 1179648K
  class space    used 8754K, committed 9472K, reserved 1048576K
}
Event: 64.367 GC heap before
{Heap before GC invocations=1537 (full 4):
 PSYoungGen      total 4096K, used 3664K [0x00000000d5580000, 0x00000000d5a00000, 0x0000000100000000)
  eden space 3584K, 97% used [0x00000000d5580000,0x00000000d58ec1c8,0x00000000d5900000)
  from space 512K, 31% used [0x00000000d5980000,0x00000000d59a8000,0x00000000d5a00000)
  to   space 512K, 0% used [0x00000000d5900000,0x00000000d5900000,0x00000000d5980000)
 ParOldGen       total 423424K, used 423195K [0x0000000080000000, 0x0000000099d80000, 0x00000000d5580000)
  object space 423424K, 99% used [0x0000000080000000,0x0000000099d46de8,0x0000000099d80000)
 Metaspace       used 78877K, committed 80448K, reserved 1179648K
  class space    used 8754K, committed 9472K, reserved 1048576K
}
Event: 64.370 GC heap after
{Heap after GC invocations=1537 (full 4):
 PSYoungGen      total 4096K, used 480K [0x00000000d5580000, 0x00000000d5b00000, 0x0000000100000000)
  eden space 3584K, 0% used [0x00000000d5580000,0x00000000d5580000,0x00000000d5900000)
  from space 512K, 93% used [0x00000000d5900000,0x00000000d5978010,0x00000000d5980000)
  to   space 1024K, 0% used [0x00000000d5a00000,0x00000000d5a00000,0x00000000d5b00000)
 ParOldGen       total 423424K, used 423235K [0x0000000080000000, 0x0000000099d80000, 0x00000000d5580000)
  object space 423424K, 99% used [0x0000000080000000,0x0000000099d50de8,0x0000000099d80000)
 Metaspace       used 78877K, committed 80448K, reserved 1179648K
  class space    used 8754K, committed 9472K, reserved 1048576K
}
Event: 64.386 GC heap before
{Heap before GC invocations=1538 (full 4):
 PSYoungGen      total 4096K, used 4060K [0x00000000d5580000, 0x00000000d5b00000, 0x0000000100000000)
  eden space 3584K, 99% used [0x00000000d5580000,0x00000000d58ff360,0x00000000d5900000)
  from space 512K, 93% used [0x00000000d5900000,0x00000000d5978010,0x00000000d5980000)
  to   space 1024K, 0% used [0x00000000d5a00000,0x00000000d5a00000,0x00000000d5b00000)
 ParOldGen       total 423424K, used 423235K [0x0000000080000000, 0x0000000099d80000, 0x00000000d5580000)
  object space 423424K, 99% used [0x0000000080000000,0x0000000099d50de8,0x0000000099d80000)
 Metaspace       used 78877K, committed 80448K, reserved 1179648K
  class space    used 8754K, committed 9472K, reserved 1048576K
}
Event: 64.387 GC heap after
{Heap after GC invocations=1538 (full 4):
 PSYoungGen      total 4096K, used 323K [0x00000000d5580000, 0x00000000d5a80000, 0x0000000100000000)
  eden space 3584K, 0% used [0x00000000d5580000,0x00000000d5580000,0x00000000d5900000)
  from space 512K, 63% used [0x00000000d5a00000,0x00000000d5a50e20,0x00000000d5a80000)
  to   space 512K, 0% used [0x00000000d5900000,0x00000000d5900000,0x00000000d5980000)
 ParOldGen       total 423936K, used 423467K [0x0000000080000000, 0x0000000099e00000, 0x00000000d5580000)
  object space 423936K, 99% used [0x0000000080000000,0x0000000099d8ade8,0x0000000099e00000)
 Metaspace       used 78877K, committed 80448K, reserved 1179648K
  class space    used 8754K, committed 9472K, reserved 1048576K
}
Event: 64.408 GC heap before
{Heap before GC invocations=1539 (full 4):
 PSYoungGen      total 4096K, used 3816K [0x00000000d5580000, 0x00000000d5a80000, 0x0000000100000000)
  eden space 3584K, 97% used [0x00000000d5580000,0x00000000d58e93a8,0x00000000d5900000)
  from space 512K, 63% used [0x00000000d5a00000,0x00000000d5a50e20,0x00000000d5a80000)
  to   space 512K, 0% used [0x00000000d5900000,0x00000000d5900000,0x00000000d5980000)
 ParOldGen       total 423936K, used 423467K [0x0000000080000000, 0x0000000099e00000, 0x00000000d5580000)
  object space 423936K, 99% used [0x0000000080000000,0x0000000099d8ade8,0x0000000099e00000)
 Metaspace       used 78877K, committed 80448K, reserved 1179648K
  class space    used 8754K, committed 9472K, reserved 1048576K
}
Event: 64.410 GC heap after
{Heap after GC invocations=1539 (full 4):
 PSYoungGen      total 4096K, used 192K [0x00000000d5580000, 0x00000000d5a80000, 0x0000000100000000)
  eden space 3584K, 0% used [0x00000000d5580000,0x00000000d5580000,0x00000000d5900000)
  from space 512K, 37% used [0x00000000d5900000,0x00000000d5930000,0x00000000d5980000)
  to   space 512K, 0% used [0x00000000d5a00000,0x00000000d5a00000,0x00000000d5a80000)
 ParOldGen       total 423936K, used 423499K [0x0000000080000000, 0x0000000099e00000, 0x00000000d5580000)
  object space 423936K, 99% used [0x0000000080000000,0x0000000099d92de8,0x0000000099e00000)
 Metaspace       used 78877K, committed 80448K, reserved 1179648K
  class space    used 8754K, committed 9472K, reserved 1048576K
}
Event: 64.795 GC heap before
{Heap before GC invocations=1540 (full 4):
 PSYoungGen      total 4096K, used 3776K [0x00000000d5580000, 0x00000000d5a80000, 0x0000000100000000)
  eden space 3584K, 100% used [0x00000000d5580000,0x00000000d5900000,0x00000000d5900000)
  from space 512K, 37% used [0x00000000d5900000,0x00000000d5930000,0x00000000d5980000)
  to   space 512K, 0% used [0x00000000d5a00000,0x00000000d5a00000,0x00000000d5a80000)
 ParOldGen       total 423936K, used 423499K [0x0000000080000000, 0x0000000099e00000, 0x00000000d5580000)
  object space 423936K, 99% used [0x0000000080000000,0x0000000099d92de8,0x0000000099e00000)
 Metaspace       used 78877K, committed 80448K, reserved 1179648K
  class space    used 8754K, committed 9472K, reserved 1048576K
}
Event: 64.797 GC heap after
{Heap after GC invocations=1540 (full 4):
 PSYoungGen      total 4096K, used 160K [0x00000000d5580000, 0x00000000d5a80000, 0x0000000100000000)
  eden space 3584K, 0% used [0x00000000d5580000,0x00000000d5580000,0x00000000d5900000)
  from space 512K, 31% used [0x00000000d5a00000,0x00000000d5a28000,0x00000000d5a80000)
  to   space 512K, 0% used [0x00000000d5900000,0x00000000d5900000,0x00000000d5980000)
 ParOldGen       total 423936K, used 423531K [0x0000000080000000, 0x0000000099e00000, 0x00000000d5580000)
  object space 423936K, 99% used [0x0000000080000000,0x0000000099d9ade8,0x0000000099e00000)
 Metaspace       used 78877K, committed 80448K, reserved 1179648K
  class space    used 8754K, committed 9472K, reserved 1048576K
}
Event: 64.927 GC heap before
{Heap before GC invocations=1541 (full 4):
 PSYoungGen      total 4096K, used 3744K [0x00000000d5580000, 0x00000000d5a80000, 0x0000000100000000)
  eden space 3584K, 100% used [0x00000000d5580000,0x00000000d5900000,0x00000000d5900000)
  from space 512K, 31% used [0x00000000d5a00000,0x00000000d5a28000,0x00000000d5a80000)
  to   space 512K, 0% used [0x00000000d5900000,0x00000000d5900000,0x00000000d5980000)
 ParOldGen       total 423936K, used 423531K [0x0000000080000000, 0x0000000099e00000, 0x00000000d5580000)
  object space 423936K, 99% used [0x0000000080000000,0x0000000099d9ade8,0x0000000099e00000)
 Metaspace       used 79230K, committed 80768K, reserved 1179648K
  class space    used 8798K, committed 9472K, reserved 1048576K
}
Event: 64.928 GC heap after
{Heap after GC invocations=1541 (full 4):
 PSYoungGen      total 4096K, used 256K [0x00000000d5580000, 0x00000000d5a80000, 0x0000000100000000)
  eden space 3584K, 0% used [0x00000000d5580000,0x00000000d5580000,0x00000000d5900000)
  from space 512K, 50% used [0x00000000d5900000,0x00000000d5940000,0x00000000d5980000)
  to   space 512K, 0% used [0x00000000d5a00000,0x00000000d5a00000,0x00000000d5a80000)
 ParOldGen       total 423936K, used 423579K [0x0000000080000000, 0x0000000099e00000, 0x00000000d5580000)
  object space 423936K, 99% used [0x0000000080000000,0x0000000099da6de8,0x0000000099e00000)
 Metaspace       used 79230K, committed 80768K, reserved 1179648K
  class space    used 8798K, committed 9472K, reserved 1048576K
}
Event: 64.986 GC heap before
{Heap before GC invocations=1542 (full 4):
 PSYoungGen      total 4096K, used 3839K [0x00000000d5580000, 0x00000000d5a80000, 0x0000000100000000)
  eden space 3584K, 99% used [0x00000000d5580000,0x00000000d58fffe0,0x00000000d5900000)
  from space 512K, 50% used [0x00000000d5900000,0x00000000d5940000,0x00000000d5980000)
  to   space 512K, 0% used [0x00000000d5a00000,0x00000000d5a00000,0x00000000d5a80000)
 ParOldGen       total 423936K, used 423579K [0x0000000080000000, 0x0000000099e00000, 0x00000000d5580000)
  object space 423936K, 99% used [0x0000000080000000,0x0000000099da6de8,0x0000000099e00000)
 Metaspace       used 79390K, committed 81024K, reserved 1179648K
  class space    used 8823K, committed 9536K, reserved 1048576K
}
Event: 64.988 GC heap after
{Heap after GC invocations=1542 (full 4):
 PSYoungGen      total 4096K, used 288K [0x00000000d5580000, 0x00000000d5a80000, 0x0000000100000000)
  eden space 3584K, 0% used [0x00000000d5580000,0x00000000d5580000,0x00000000d5900000)
  from space 512K, 56% used [0x00000000d5a00000,0x00000000d5a48000,0x00000000d5a80000)
  to   space 512K, 0% used [0x00000000d5900000,0x00000000d5900000,0x00000000d5980000)
 ParOldGen       total 423936K, used 423723K [0x0000000080000000, 0x0000000099e00000, 0x00000000d5580000)
  object space 423936K, 99% used [0x0000000080000000,0x0000000099dcaf98,0x0000000099e00000)
 Metaspace       used 79390K, committed 81024K, reserved 1179648K
  class space    used 8823K, committed 9536K, reserved 1048576K
}
Event: 65.125 GC heap before
{Heap before GC invocations=1543 (full 4):
 PSYoungGen      total 4096K, used 3853K [0x00000000d5580000, 0x00000000d5a80000, 0x0000000100000000)
  eden space 3584K, 99% used [0x00000000d5580000,0x00000000d58fb410,0x00000000d5900000)
  from space 512K, 56% used [0x00000000d5a00000,0x00000000d5a48000,0x00000000d5a80000)
  to   space 512K, 0% used [0x00000000d5900000,0x00000000d5900000,0x00000000d5980000)
 ParOldGen       total 423936K, used 423723K [0x0000000080000000, 0x0000000099e00000, 0x00000000d5580000)
  object space 423936K, 99% used [0x0000000080000000,0x0000000099dcaf98,0x0000000099e00000)
 Metaspace       used 79404K, committed 81024K, reserved 1179648K
  class space    used 8823K, committed 9536K, reserved 1048576K
}
Event: 65.127 GC heap after
{Heap after GC invocations=1543 (full 4):
 PSYoungGen      total 4096K, used 507K [0x00000000d5580000, 0x00000000d5f00000, 0x0000000100000000)
  eden space 3584K, 0% used [0x00000000d5580000,0x00000000d5580000,0x00000000d5900000)
  from space 512K, 99% used [0x00000000d5900000,0x00000000d597ef10,0x00000000d5980000)
  to   space 3072K, 0% used [0x00000000d5c00000,0x00000000d5c00000,0x00000000d5f00000)
 ParOldGen       total 425472K, used 425456K [0x0000000080000000, 0x0000000099f80000, 0x00000000d5580000)
  object space 425472K, 99% used [0x0000000080000000,0x0000000099f7c3d0,0x0000000099f80000)
 Metaspace       used 79404K, committed 81024K, reserved 1179648K
  class space    used 8823K, committed 9536K, reserved 1048576K
}
Event: 65.253 GC heap before
{Heap before GC invocations=1544 (full 4):
 PSYoungGen      total 4096K, used 4091K [0x00000000d5580000, 0x00000000d5f00000, 0x0000000100000000)
  eden space 3584K, 100% used [0x00000000d5580000,0x00000000d5900000,0x00000000d5900000)
  from space 512K, 99% used [0x00000000d5900000,0x00000000d597ef10,0x00000000d5980000)
  to   space 3072K, 0% used [0x00000000d5c00000,0x00000000d5c00000,0x00000000d5f00000)
 ParOldGen       total 425472K, used 425456K [0x0000000080000000, 0x0000000099f80000, 0x00000000d5580000)
  object space 425472K, 99% used [0x0000000080000000,0x0000000099f7c3d0,0x0000000099f80000)
 Metaspace       used 79441K, committed 81024K, reserved 1179648K
  class space    used 8829K, committed 9536K, reserved 1048576K
}
Event: 65.258 GC heap after
{Heap after GC invocations=1544 (full 4):
 PSYoungGen      total 6144K, used 2060K [0x00000000d5580000, 0x00000000d5e80000, 0x0000000100000000)
  eden space 3584K, 0% used [0x00000000d5580000,0x00000000d5580000,0x00000000d5900000)
  from space 2560K, 80% used [0x00000000d5c00000,0x00000000d5e03228,0x00000000d5e80000)
  to   space 2560K, 0% used [0x00000000d5980000,0x00000000d5980000,0x00000000d5c00000)
 ParOldGen       total 425984K, used 425982K [0x0000000080000000, 0x000000009a000000, 0x00000000d5580000)
  object space 425984K, 99% used [0x0000000080000000,0x0000000099fffb98,0x000000009a000000)
 Metaspace       used 79441K, committed 81024K, reserved 1179648K
  class space    used 8829K, committed 9536K, reserved 1048576K
}

